PLINK v1.90p 64-bit (16 Jun 2020)
Options in effect:
  --K 2
  --cluster
  --file data/hapmap1
  --out results/popclust
  --silent

Hostname: E5-CHE-CMDZBLT
Working directory: /Users/dzb5732/Box Sync/PhD-dzb5732@psu.edu/Courses/PSU/BIOL-460/Assignments/UnEssay2
Start time: Sun Nov 15 17:42:19 2020

Random number seed: 1605487339
16384 MB RAM detected; reserving 8192 MB for main workspace.
Scanning .ped file... done.
Performing single-pass .bed write (83534 variants, 89 people).
--file: results/popclust-temporary.bed + results/popclust-temporary.bim +
results/popclust-temporary.fam written.
83534 variants loaded from .bim file.
89 people (89 males, 0 females) loaded from .fam.
89 phenotype values loaded from .fam.
Using up to 8 threads (change this with --threads).
Before main variant filters, 89 founders and 0 nonfounders present.
Calculating allele frequencies... done.
Total genotyping rate is 0.99441.
83534 variants and 89 people pass filters and QC.
Among remaining phenotypes, 44 are cases and 45 are controls.
Distance matrix calculation complete.
Clustering... done.
Cluster solution written to results/popclust.cluster1 ,
results/popclust.cluster2 , and results/popclust.cluster3 .

End time: Sun Nov 15 17:42:19 2020
